<?xml version="1.0" encoding="UTF-8"?>
<!-- Generated by org.testng.reporters.JUnitXMLReporter -->
<testsuite ignored="0" hostname="LAPTOP-3TPPPFOH" failures="0" tests="2" name="Test" time="14.613" errors="0" timestamp="2022-05-31T14:51:47 IST">
  <testcase classname="com.SauceDemo.TestClasses.TC01LoginFunctionality" name="logininfunctionality" time="0.6"/>
  <testcase classname="com.SauceDemo.TestClasses.TC04VerifyMultipleProductAddedToCart" name="verifyMultiProductAddToCart" time="3.623"/>
</testsuite> <!-- Test -->
